1635799164027	geckodriver	INFO	Listening on 127.0.0.1:64577
1635799167117	mozrunner::runner	INFO	Running command: "C:\\Program Files\\Mozilla Firefox\\firefox.exe" "--marionette" "--remote-debugging-port" "64578" "-no-remote" "-profile" "C:\\Users\\AWAPPI~1\\AppData\\Local\\Temp\\rust_mozprofileHVH2Ik"
1635799167689	Marionette	INFO	Marionette enabled
console.warn: SearchSettings: "get: No settings file exists, new profile?" (new NotFoundError("Could not open the file at C:\\Users\\Awappi  Carine\\AppData\\Local\\Temp\\rust_mozprofileHVH2Ik\\search.json.mozlz4", (void 0)))
DevTools listening on ws://localhost:64578/devtools/browser/f29f4768-6fba-46cc-9485-37962d90d611
1635799171086	Marionette	INFO	Listening on port 64583
1635799171313	RemoteAgent	WARN	TLS certificate errors will be ignored for this session
1635799343967	Marionette	INFO	Stopped listening on port 64583
JavaScript error: resource:///modules/Interactions.jsm, line 201: NS_ERROR_FAILURE: Component returned failure code: 0x80004005 (NS_ERROR_FAILURE) [nsIUserIdleService.removeIdleObserver]
console.warn: TopSitesFeed: Failed to fetch data from Contile server: NetworkError when attempting to fetch resource.
archSettings: "get: No settings file exists, new profile?" (new NotFoundError("Could not open the file at C:\\Users\\Awappi  Carine\\AppData\\Local\\Temp\\rust_mozprofilemV3ZQw\\search.json.mozlz4", (void 0)))
DevTools listening on ws://localhost:64629/devtools/browser/23989683-3e07-455d-8b03-4eba974510b8
1635799223900	Marionette	INFO	Listening on port 64634
1635799223972	RemoteAgent	WARN	TLS certificate errors will be ignored for this session
1635799324860	Marionette	INFO	Stopped listening on port 64634
JavaScript error: resource:///modules/Interactions.jsm, line 201: NS_ERROR_FAILURE: Component returned failure code: 0x80004005 (NS_ERROR_FAILURE) [nsIUserIdleService.removeIdleObserver]
console.warn: TopSitesFeed: Failed to fetch data from Contile server: NetworkError when attempting to fetch resource.
archSettings: "get: No settings file exists, new profile?" (new NotFoundError("Could not open the file at C:\\Users\\Awappi  Carine\\AppData\\Local\\Temp\\rust_mozprofileeneutt\\search.json.mozlz4", (void 0)))
DevTools listening on ws://localhost:64687/devtools/browser/45de9358-f447-4a2e-9c41-365f23bed02f
1635799309865	Marionette	INFO	Listening on port 64692
1635799310053	RemoteAgent	WARN	TLS certificate errors will be ignored for this session
1635799333640	Marionette	INFO	Stopped listening on port 64692
JavaScript error: resource:///modules/Interactions.jsm, line 201: NS_ERROR_FAILURE: Component returned failure code: 0x80004005 (NS_ERROR_FAILURE) [nsIUserIdleService.removeIdleObserver]
console.warn: TopSitesFeed: Failed to fetch data from Contile server: NetworkError when attempting to fetch resource.
1635799430923	geckodriver	INFO	Listening on 127.0.0.1:64736
1635799434004	mozrunner::runner	INFO	Running command: "C:\\Program Files\\Mozilla Firefox\\firefox.exe" "--marionette" "--remote-debugging-port" "64737" "-no-remote" "-profile" "C:\\Users\\AWAPPI~1\\AppData\\Local\\Temp\\rust_mozprofileJHNx0K"
1635799434479	Marionette	INFO	Marionette enabled
console.warn: SearchSettings: "get: No settings file exists, new profile?" (new NotFoundError("Could not open the file at C:\\Users\\Awappi  Carine\\AppData\\Local\\Temp\\rust_mozprofileJHNx0K\\search.json.mozlz4", (void 0)))
DevTools listening on ws://localhost:64737/devtools/browser/89d29cc1-3e42-42f6-a8ac-6f853dd52712
1635799437826	Marionette	INFO	Listening on port 64742
1635799438205	RemoteAgent	WARN	TLS certificate errors will be ignored for this session
JavaScript warning: https://www.googletagmanager.com/gtm.js?id=GTM-KVXHBMV, line 319: unreachable code after return statement
1635799444290	Marionette	WARN	Ignoring event 'DOMContentLoaded' because document has an invalid readyState of 'loading'.
JavaScript warning: https://www.googletagmanager.com/gtm.js?id=GTM-KVXHBMV, line 319: unreachable code after return statement
JavaScript error: resource://gre/modules/XULStore.jsm, line 66: Error: Can't find profile directory.
JavaScript error: resource://gre/modules/XULStore.jsm, line 66: Error: Can't find profile directory.
JavaScript warning: https://www.googletagmanager.com/gtm.js?id=GTM-KVXHBMV, line 319: unreachable code after return statement
JavaScript warning: https://www.googletagmanager.com/gtm.js?id=GTM-KVXHBMV, line 319: unreachable code after return statement
JavaScript warning: https://www.googletagmanager.com/gtm.js?id=GTM-KVXHBMV, line 319: unreachable code after return statement
JavaScript warning: https://www.googletagmanager.com/gtm.js?id=GTM-KVXHBMV, line 319: unreachable code after return statement
JavaScript warning: https://www.googletagmanager.com/gtm.js?id=GTM-KVXHBMV, line 319: unreachable code after return statement
JavaScript warning: https://www.googletagmanager.com/gtm.js?id=GTM-KVXHBMV, line 319: unreachable code after return statement
JavaScript warning: https://www.googletagmanager.com/gtm.js?id=GTM-KVXHBMV, line 319: unreachable code after return statement
JavaScript warning: https://www.googletagmanager.com/gtm.js?id=GTM-KVXHBMV, line 319: unreachable code after return statement
console.log: WebExtensions: reset-default-search: starting.
console.log: WebExtensions: reset-default-search: No addons in our list are installed.
JavaScript warning: https://www.googletagmanager.com/gtm.js?id=GTM-KVXHBMV, line 319: unreachable code after return statement
JavaScript error: , line 0: NS_ERROR_NOT_AVAILABLE
JavaScript warning: https://www.googletagmanager.com/gtm.js?id=GTM-KVXHBMV, line 319: unreachable code after return statement
JavaScript warning: https://www.googletagmanager.com/gtm.js?id=GTM-KVXHBMV, line 319: unreachable code after return statement
JavaScript warning: https://www.googletagmanager.com/gtm.js?id=GTM-KVXHBMV, line 319: unreachable code after return statement
JavaScript warning: https://www.wollplatz.de/wolle/stylecraft/stylecraft-special-dk?sqr=stylecraft%20special&, line 1: unreachable code after return statement
JavaScript error: resource:///modules/UrlbarInput.jsm, line 2942: TypeError: event.target.closest is not a function
1635800926766	Marionette	INFO	Stopped listening on port 64742
JavaScript error: resource:///modules/Interactions.jsm, line 201: NS_ERROR_FAILURE: Component returned failure code: 0x80004005 (NS_ERROR_FAILURE) [nsIUserIdleService.removeIdleObserver]

###!!! [Child][RunMessage] Error: Channel closing: too late to send/recv, messages will be lost


###!!! [Child][RunMessage] Error: Channel closing: too late to send/recv, messages will be lost

1635801329359	geckodriver	INFO	Listening on 127.0.0.1:65210
1635801332454	mozrunner::runner	INFO	Running command: "C:\\Program Files\\Mozilla Firefox\\firefox.exe" "--marionette" "--remote-debugging-port" "65211" "-no-remote" "-profile" "C:\\Users\\AWAPPI~1\\AppData\\Local\\Temp\\rust_mozprofile41LSBg"
1635801333104	Marionette	INFO	Marionette enabled
console.warn: SearchSettings: "get: No settings file exists, new profile?" (new NotFoundError("Could not open the file at C:\\Users\\Awappi  Carine\\AppData\\Local\\Temp\\rust_mozprofile41LSBg\\search.json.mozlz4", (void 0)))
DevTools listening on ws://localhost:65211/devtools/browser/a7d73602-672a-4a39-b872-305ed396e355
1635801336496	Marionette	INFO	Listening on port 65217
1635801336671	RemoteAgent	WARN	TLS certificate errors will be ignored for this session
JavaScript error: resource://gre/modules/XULStore.jsm, line 66: Error: Can't find profile directory.
JavaScript error: resource://gre/modules/XULStore.jsm, line 66: Error: Can't find profile directory.
JavaScript warning: https://www.googletagmanager.com/gtm.js?id=GTM-KVXHBMV, line 319: unreachable code after return statement
1635801340730	Marionette	WARN	Ignoring event 'DOMContentLoaded' because document has an invalid readyState of 'loading'.
console.log: WebExtensions: reset-default-search: starting.
console.log: WebExtensions: reset-default-search: No addons in our list are installed.
1635802008672	Marionette	INFO	Stopped listening on port 65217
JavaScript error: resource:///modules/Interactions.jsm, line 201: NS_ERROR_FAILURE: Component returned failure code: 0x80004005 (NS_ERROR_FAILURE) [nsIUserIdleService.removeIdleObserver]
console.warn: TopSitesFeed: Failed to fetch data from Contile server: NetworkError when attempting to fetch resource.

###!!! [Child][RunMessage] Error: Channel closing: too late to send/recv, messages will be lost

399/devtools/browser/3db23e53-a72a-48cd-8c6b-af5b047f9de4
1635801578784	Marionette	INFO	Listening on port 65406
1635801578888	RemoteAgent	WARN	TLS certificate errors will be ignored for this session
JavaScript error: resource://gre/modules/XULStore.jsm, line 66: Error: Can't find profile directory.
JavaScript error: resource://gre/modules/XULStore.jsm, line 66: Error: Can't find profile directory.
JavaScript warning: https://www.googletagmanager.com/gtm.js?id=GTM-KVXHBMV, line 319: unreachable code after return statement
JavaScript warning: https://www.googletagmanager.com/gtm.js?id=GTM-KVXHBMV, line 319: unreachable code after return statement
1635801587237	Marionette	WARN	Ignoring event 'DOMContentLoaded' because document has an invalid readyState of 'loading'.
JavaScript warning: https://www.googletagmanager.com/gtm.js?id=GTM-KVXHBMV, line 319: unreachable code after return statement
1635801589830	Marionette	WARN	Ignoring event 'DOMContentLoaded' because document has an invalid readyState of 'loading'.
JavaScript warning: https://www.googletagmanager.com/gtm.js?id=GTM-KVXHBMV, line 319: unreachable code after return statement
1635801593927	Marionette	WARN	Ignoring event 'DOMContentLoaded' because document has an invalid readyState of 'loading'.
1635801597660	Marionette	INFO	Stopped listening on port 65406
JavaScript error: resource:///modules/Interactions.jsm, line 201: NS_ERROR_FAILURE: Component returned failure code: 0x80004005 (NS_ERROR_FAILURE) [nsIUserIdleService.removeIdleObserver]
console.warn: TopSitesFeed: Failed to fetch data from Contile server: NetworkError when attempting to fetch resource.

###!!! [Child][RunMessage] Error: Channel closing: too late to send/recv, messages will be lost


###!!! [Child][MessageChannel] Error: (msgtype=0xA70006,name=PWebSocket::Msg_DeleteSelf) Channel closing: too late to send/recv, messages will be lost


###!!! [Parent][MessageChannel] Error: (msgtype=0x39007A,name=PContent::Msg_DestroyBrowsingContextGroup) Closed channel: cannot send/recv

1635802013246	geckodriver	INFO	Listening on 127.0.0.1:49320
1635802016290	mozrunner::runner	INFO	Running command: "C:\\Program Files\\Mozilla Firefox\\firefox.exe" "--marionette" "--remote-debugging-port" "49321" "-no-remote" "-profile" "C:\\Users\\AWAPPI~1\\AppData\\Local\\Temp\\rust_mozprofileIhUhFi"
1635802016857	Marionette	INFO	Marionette enabled
console.warn: SearchSettings: "get: No settings file exists, new profile?" (new NotFoundError("Could not open the file at C:\\Users\\Awappi  Carine\\AppData\\Local\\Temp\\rust_mozprofileIhUhFi\\search.json.mozlz4", (void 0)))
DevTools listening on ws://localhost:49321/devtools/browser/c9d5edae-0971-4b3c-9f88-7ecbed04d386
1635802019963	Marionette	INFO	Listening on port 49328
1635802020507	RemoteAgent	WARN	TLS certificate errors will be ignored for this session
JavaScript error: resource://gre/modules/XULStore.jsm, line 66: Error: Can't find profile directory.
JavaScript error: resource://gre/modules/XULStore.jsm, line 66: Error: Can't find profile directory.
JavaScript warning: https://www.googletagmanager.com/gtm.js?id=GTM-KVXHBMV, line 319: unreachable code after return statement
1635802024553	Marionette	WARN	Ignoring event 'DOMContentLoaded' because document has an invalid readyState of 'loading'.
JavaScript warning: https://www.googletagmanager.com/gtm.js?id=GTM-KVXHBMV, line 319: unreachable code after return statement
1635802027642	Marionette	WARN	Ignoring event 'DOMContentLoaded' because document has an invalid readyState of 'loading'.
1635802027693	Marionette	WARN	Ignoring event 'DOMContentLoaded' because document has an invalid readyState of 'loading'.
JavaScript warning: https://www.googletagmanager.com/gtm.js?id=GTM-KVXHBMV, line 319: unreachable code after return statement
1635802030465	Marionette	WARN	Ignoring event 'DOMContentLoaded' because document has an invalid readyState of 'loading'.
JavaScript warning: https://www.googletagmanager.com/gtm.js?id=GTM-KVXHBMV, line 319: unreachable code after return statement
1635802034308	Marionette	WARN	Ignoring event 'DOMContentLoaded' because document has an invalid readyState of 'loading'.
1635802034531	Marionette	INFO	Stopped listening on port 49328
JavaScript error: resource:///modules/Interactions.jsm, line 201: NS_ERROR_FAILURE: Component returned failure code: 0x80004005 (NS_ERROR_FAILURE) [nsIUserIdleService.removeIdleObserver]

###!!! [Parent][MessageChannel] Error: (msgtype=0x39007A,name=PContent::Msg_DestroyBrowsingContextGroup) Closed channel: cannot send/recv


###!!! [Child][MessageChannel] Error: (msgtype=0x390116,name=PContent::Msg_AccumulateChildHistograms) Channel closing: too late to send/recv, messages will be lost


###!!! [Child][MessageChannel] Error: (msgtype=0x39011B,name=PContent::Msg_RecordDiscardedData) Channel closing: too late to send/recv, messages will be lost


###!!! [Child][RunMessage] Error: Channel closing: too late to send/recv, messages will be lost


###!!! [Child][RunMessage] Error: Channel closing: too late to send/recv, messages will be lost


###!!! [Child][RunMessage] Error: Channel closing: too late to send/recv, messages will be lost


###!!! [Child][RunMessage] Error: Channel closing: too late to send/recv, messages will be lost


###!!! [Child][RunMessage] Error: Channel closing: too late to send/recv, messages will be lost


###!!! [Child][RunMessage] Error: Channel closing: too late to send/recv, messages will be lost


###!!! [Child][RunMessage] Error: Channel closing: too late to send/recv, messages will be lost


###!!! [Child][RunMessage] Error: Channel closing: too late to send/recv, messages will be lost


###!!! [Child][RunMessage] Error: Channel closing: too late to send/recv, messages will be lost


###!!! [Child][RunMessage] Error: Channel closing: too late to send/recv, messages will be lost


###!!! [Child][RunMessage] Error: Channel closing: too late to send/recv, messages will be lost


###!!! [Child][RunMessage] Error: Channel closing: too late to send/recv, messages will be lost


###!!! [Child][RunMessage] Error: Channel closing: too late to send/recv, messages will be lost


###!!! [Child][RunMessage] Error: Channel closing: too late to send/recv, messages will be lost


###!!! [Child][MessageChannel] Error: (msgtype=0x680022,name=PNecko::Msg_RequestContextAfterDOMContentLoaded) Channel closing: too late to send/recv, messages will be lost


###!!! [Child][RunMessage] Error: Channel closing: too late to send/recv, messages will be lost


###!!! [Child][RunMessage] Error: Channel closing: too late to send/recv, messages will be lost


###!!! [Child][RunMessage] Error: Channel closing: too late to send/recv, messages will be lost


###!!! [Child][RunMessage] Error: Channel closing: too late to send/recv, messages will be lost


###!!! [Child][RunMessage] Error: Channel closing: too late to send/recv, messages will be lost


###!!! [Child][RunMessage] Error: Channel closing: too late to send/recv, messages will be lost


###!!! [Child][RunMessage] Error: Channel closing: too late to send/recv, messages will be lost


###!!! [Child][RunMessage] Error: Channel closing: too late to send/recv, messages will be lost


###!!! [Child][RunMessage] Error: Channel closing: too late to send/recv, messages will be lost


###!!! [Child][RunMessage] Error: Channel closing: too late to send/recv, messages will be lost


###!!! [Child][RunMessage] Error: Channel closing: too late to send/recv, messages will be lost


###!!! [Child][RunMessage] Error: Channel closing: too late to send/recv, messages will be lost


###!!! [Child][RunMessage] Error: Channel closing: too late to send/recv, messages will be lost


###!!! [Child][RunMessage] Error: Channel closing: too late to send/recv, messages will be lost


###!!! [Child][MessageChannel] Error: (msgtype=0x680022,name=PNecko::Msg_RequestContextAfterDOMContentLoaded) Channel closing: too late to send/recv, messages will be lost


###!!! [Child][RunMessage] Error: Channel closing: too late to send/recv, messages will be lost


###!!! [Child][RunMessage] Error: Channel closing: too late to send/recv, messages will be lost


###!!! [Child][RunMessage] Error: Channel closing: too late to send/recv, messages will be lost


###!!! [Child][RunMessage] Error: Channel closing: too late to send/recv, messages will be lost


###!!! [Child][RunMessage] Error: Channel closing: too late to send/recv, messages will be lost


###!!! [Child][RunMessage] Error: Channel closing: too late to send/recv, messages will be lost


###!!! [Child][RunMessage] Error: Channel closing: too late to send/recv, messages will be lost


###!!! [Child][RunMessage] Error: Channel closing: too late to send/recv, messages will be lost


###!!! [Child][RunMessage] Error: Channel closing: too late to send/recv, messages will be lost

1635802196738	geckodriver	INFO	Listening on 127.0.0.1:49512
1635802199803	mozrunner::runner	INFO	Running command: "C:\\Program Files\\Mozilla Firefox\\firefox.exe" "--marionette" "--remote-debugging-port" "49513" "-no-remote" "-profile" "C:\\Users\\AWAPPI~1\\AppData\\Local\\Temp\\rust_mozprofiledUO9US"
1635802200375	Marionette	INFO	Marionette enabled
console.warn: SearchSettings: "get: No settings file exists, new profile?" (new NotFoundError("Could not open the file at C:\\Users\\Awappi  Carine\\AppData\\Local\\Temp\\rust_mozprofiledUO9US\\search.json.mozlz4", (void 0)))
DevTools listening on ws://localhost:49513/devtools/browser/3e4de0fb-6a08-404b-b038-d390f6ca412c
1635802203565	Marionette	INFO	Listening on port 49519
1635802204018	RemoteAgent	WARN	TLS certificate errors will be ignored for this session
JavaScript error: resource://gre/modules/XULStore.jsm, line 66: Error: Can't find profile directory.
JavaScript error: resource://gre/modules/XULStore.jsm, line 66: Error: Can't find profile directory.
JavaScript warning: https://www.googletagmanager.com/gtm.js?id=GTM-KVXHBMV, line 319: unreachable code after return statement
JavaScript warning: https://www.googletagmanager.com/gtm.js?id=GTM-KVXHBMV, line 319: unreachable code after return statement
1635802211355	Marionette	WARN	Ignoring event 'DOMContentLoaded' because document has an invalid readyState of 'loading'.
1635802211439	Marionette	WARN	Ignoring event 'DOMContentLoaded' because document has an invalid readyState of 'loading'.
JavaScript warning: https://www.googletagmanager.com/gtm.js?id=GTM-KVXHBMV, line 319: unreachable code after return statement
1635802214297	Marionette	WARN	Ignoring event 'DOMContentLoaded' because document has an invalid readyState of 'loading'.
1635802214350	Marionette	WARN	Ignoring event 'DOMContentLoaded' because document has an invalid readyState of 'loading'.
JavaScript warning: https://www.googletagmanager.com/gtm.js?id=GTM-KVXHBMV, line 319: unreachable code after return statement
1635802218403	Marionette	WARN	Ignoring event 'DOMContentLoaded' because document has an invalid readyState of 'loading'.
JavaScript error: , line 0: NotFoundError: No such JSWindowActor 'MarionetteEvents'
JavaScript error: , line 0: NotFoundError: No such JSWindowActor 'MarionetteEvents'
1635802296395	Marionette	INFO	Stopped listening on port 49519
JavaScript error: resource:///modules/Interactions.jsm, line 201: NS_ERROR_FAILURE: Component returned failure code: 0x80004005 (NS_ERROR_FAILURE) [nsIUserIdleService.removeIdleObserver]

###!!! [Parent][MessageChannel] Error: (msgtype=0x39007A,name=PContent::Msg_DestroyBrowsingContextGroup) Closed channel: cannot send/recv


###!!! [Child][RunMessage] Error: Channel closing: too late to send/recv, messages will be lost


###!!! [Child][MessageChannel] Error: (msgtype=0x390145,name=PContent::Msg_ScriptError) Channel closing: too late to send/recv, messages will be lost


###!!! [Child][MessageChannel] Error: (msgtype=0xA70006,name=PWebSocket::Msg_DeleteSelf) Channel closing: too late to send/recv, messages will be lost

r this session
JavaScript error: resource://gre/modules/XULStore.jsm, line 66: Error: Can't find profile directory.
JavaScript error: resource://gre/modules/XULStore.jsm, line 66: Error: Can't find profile directory.
JavaScript warning: https://www.googletagmanager.com/gtm.js?id=GTM-KVXHBMV, line 319: unreachable code after return statement
JavaScript warning: https://www.googletagmanager.com/gtm.js?id=GTM-KVXHBMV, line 319: unreachable code after return statement
1635802308834	Marionette	WARN	Ignoring event 'DOMContentLoaded' because document has an invalid readyState of 'loading'.
JavaScript warning: https://www.googletagmanager.com/gtm.js?id=GTM-KVXHBMV, line 319: unreachable code after return statement
1635802311872	Marionette	WARN	Ignoring event 'DOMContentLoaded' because document has an invalid readyState of 'loading'.
1635802312043	Marionette	WARN	Ignoring event 'DOMContentLoaded' because document has an invalid readyState of 'loading'.
JavaScript warning: https://www.googletagmanager.com/gtm.js?id=GTM-KVXHBMV, line 319: unreachable code after return statement
1635802318485	Marionette	WARN	Ignoring event 'DOMContentLoaded' because document has an invalid readyState of 'loading'.
1635802318657	Marionette	INFO	Stopped listening on port 49643
JavaScript error: resource:///modules/Interactions.jsm, line 201: NS_ERROR_FAILURE: Component returned failure code: 0x80004005 (NS_ERROR_FAILURE) [nsIUserIdleService.removeIdleObserver]

###!!! [Child][MessageChannel] Error: (msgtype=0x590007,name=PHttpChannel::Msg_RemoveCorsPreflightCacheEntry) Channel closing: too late to send/recv, messages will be lost


###!!! [Child][MessageChannel] Error: (msgtype=0x590008,name=PHttpChannel::Msg_DeletingChannel) Channel closing: too late to send/recv, messages will be lost


###!!! [Child][RunMessage] Error: Channel closing: too late to send/recv, messages will be lost


###!!! [Child][RunMessage] Error: Channel closing: too late to send/recv, messages will be lost


###!!! [Parent][MessageChannel] Error: (msgtype=0x39007A,name=PContent::Msg_DestroyBrowsingContextGroup) Closed channel: cannot send/recv


###!!! [Child][RunMessage] Error: Channel closing: too late to send/recv, messages will be lost


###!!! [Child][RunMessage] Error: Channel closing: too late to send/recv, messages will be lost


###!!! [Child][RunMessage] Error: Channel closing: too late to send/recv, messages will be lost


###!!! [Child][RunMessage] Error: Channel closing: too late to send/recv, messages will be lost


###!!! [Child][RunMessage] Error: Channel closing: too late to send/recv, messages will be lost


###!!! [Child][RunMessage] Error: Channel closing: too late to send/recv, messages will be lost


###!!! [Child][RunMessage] Error: Channel closing: too late to send/recv, messages will be lost


###!!! [Child][RunMessage] Error: Channel closing: too late to send/recv, messages will be lost


###!!! [Child][RunMessage] Error: Channel closing: too late to send/recv, messages will be lost


###!!! [Child][RunMessage] Error: Channel closing: too late to send/recv, messages will be lost


###!!! [Child][RunMessage] Error: Channel closing: too late to send/recv, messages will be lost


###!!! [Child][RunMessage] Error: Channel closing: too late to send/recv, messages will be lost


###!!! [Child][MessageChannel] Error: (msgtype=0x680022,name=PNecko::Msg_RequestContextAfterDOMContentLoaded) Channel closing: too late to send/recv, messages will be lost


###!!! [Child][RunMessage] Error: Channel closing: too late to send/recv, messages will be lost


###!!! [Child][RunMessage] Error: Channel closing: too late to send/recv, messages will be lost


###!!! [Child][RunMessage] Error: Channel closing: too late to send/recv, messages will be lost


###!!! [Child][RunMessage] Error: Channel closing: too late to send/recv, messages will be lost


###!!! [Child][RunMessage] Error: Channel closing: too late to send/recv, messages will be lost


###!!! [Child][RunMessage] Error: Channel closing: too late to send/recv, messages will be lost


###!!! [Child][RunMessage] Error: Channel closing: too late to send/recv, messages will be lost


###!!! [Child][RunMessage] Error: Channel closing: too late to send/recv, messages will be lost


###!!! [Child][RunMessage] Error: Channel closing: too late to send/recv, messages will be lost


###!!! [Child][RunMessage] Error: Channel closing: too late to send/recv, messages will be lost


###!!! [Child][RunMessage] Error: Channel closing: too late to send/recv, messages will be lost


###!!! [Child][RunMessage] Error: Channel closing: too late to send/recv, messages will be lost


###!!! [Child][RunMessage] Error: Channel closing: too late to send/recv, messages will be lost


###!!! [Child][RunMessage] Error: Channel closing: too late to send/recv, messages will be lost


###!!! [Child][MessageChannel] Error: (msgtype=0x680022,name=PNecko::Msg_RequestContextAfterDOMContentLoaded) Channel closing: too late to send/recv, messages will be lost

JavaScript error: https://www.wollplatz.de/js/all.min.js?v=210921132231, line 8: NS_ERROR_NOT_INITIALIZED: 

###!!! [Child][RunMessage] Error: Channel closing: too late to send/recv, messages will be lost


###!!! [Child][RunMessage] Error: Channel closing: too late to send/recv, messages will be lost


###!!! [Child][MessageChannel] Error: (msgtype=0x590008,name=PHttpChannel::Msg_DeletingChannel) Channel closing: too late to send/recv, messages will be lost


###!!! [Child][RunMessage] Error: Channel closing: too late to send/recv, messages will be lost


###!!! [Child][RunMessage] Error: Channel closing: too late to send/recv, messages will be lost


###!!! [Child][RunMessage] Error: Channel closing: too late to send/recv, messages will be lost


###!!! [Child][RunMessage] Error: Channel closing: too late to send/recv, messages will be lost


###!!! [Child][RunMessage] Error: Channel closing: too late to send/recv, messages will be lost


###!!! [Child][RunMessage] Error: Channel closing: too late to send/recv, messages will be lost


###!!! [Child][RunMessage] Error: Channel closing: too late to send/recv, messages will be lost


###!!! [Child][RunMessage] Error: Channel closing: too late to send/recv, messages will be lost


###!!! [Child][MessageChannel] Error: (msgtype=0x390145,name=PContent::Msg_ScriptError) Channel closing: too late to send/recv, messages will be lost

1635803471578	geckodriver	INFO	Listening on 127.0.0.1:50266
1635803474672	mozrunner::runner	INFO	Running command: "C:\\Program Files\\Mozilla Firefox\\firefox.exe" "--marionette" "--remote-debugging-port" "50267" "-no-remote" "-profile" "C:\\Users\\AWAPPI~1\\AppData\\Local\\Temp\\rust_mozprofile9sviSS"
1635803475095	Marionette	INFO	Marionette enabled
console.warn: SearchSettings: "get: No settings file exists, new profile?" (new NotFoundError("Could not open the file at C:\\Users\\Awappi  Carine\\AppData\\Local\\Temp\\rust_mozprofile9sviSS\\search.json.mozlz4", (void 0)))
DevTools listening on ws://localhost:50267/devtools/browser/c14eed11-aa76-4b64-921f-fbaf9b0ac2e3
1635803477914	Marionette	INFO	Listening on port 50273
1635803478369	RemoteAgent	WARN	TLS certificate errors will be ignored for this session
JavaScript error: resource://gre/modules/XULStore.jsm, line 66: Error: Can't find profile directory.
JavaScript error: resource://gre/modules/XULStore.jsm, line 66: Error: Can't find profile directory.
JavaScript warning: https://www.googletagmanager.com/gtm.js?id=GTM-KVXHBMV, line 319: unreachable code after return statement
JavaScript warning: https://www.googletagmanager.com/gtm.js?id=GTM-KVXHBMV, line 319: unreachable code after return statement
1635803484201	Marionette	WARN	Ignoring event 'DOMContentLoaded' because document has an invalid readyState of 'loading'.
JavaScript warning: https://www.googletagmanager.com/gtm.js?id=GTM-KVXHBMV, line 319: unreachable code after return statement
1635803486167	Marionette	WARN	Ignoring event 'DOMContentLoaded' because document has an invalid readyState of 'loading'.
1635803486248	Marionette	WARN	Ignoring event 'DOMContentLoaded' because document has an invalid readyState of 'loading'.
JavaScript warning: https://www.googletagmanager.com/gtm.js?id=GTM-KVXHBMV, line 319: unreachable code after return statement
1635803489239	Marionette	WARN	Ignoring event 'DOMContentLoaded' because document has an invalid readyState of 'loading'.
JavaScript warning: https://www.googletagmanager.com/gtm.js?id=GTM-KVXHBMV, line 319: unreachable code after return statement
console.log: WebExtensions: reset-default-search: starting.
console.log: WebExtensions: reset-default-search: No addons in our list are installed.
JavaScript error: , line 0: NS_ERROR_NOT_AVAILABLE
1635810183953	geckodriver	INFO	Listening on 127.0.0.1:60435
1635810187009	mozrunner::runner	INFO	Running command: "C:\\Program Files\\Mozilla Firefox\\firefox.exe" "--marionette" "--remote-debugging-port" "60436" "-no-remote" "-profile" "C:\\Users\\AWAPPI~1\\AppData\\Local\\Temp\\rust_mozprofileVvdOaS"
1635810187881	Marionette	INFO	Marionette enabled
console.warn: SearchSettings: "get: No settings file exists, new profile?" (new NotFoundError("Could not open the file at C:\\Users\\Awappi  Carine\\AppData\\Local\\Temp\\rust_mozprofileVvdOaS\\search.json.mozlz4", (void 0)))
DevTools listening on ws://localhost:60436/devtools/browser/4514d966-eec9-423b-a423-d94ce42db036
1635810191809	Marionette	INFO	Listening on port 60445
1635810192316	RemoteAgent	WARN	TLS certificate errors will be ignored for this session
JavaScript error: resource://gre/modules/XULStore.jsm, line 66: Error: Can't find profile directory.
JavaScript error: resource://gre/modules/XULStore.jsm, line 66: Error: Can't find profile directory.
JavaScript warning: https://www.googletagmanager.com/gtm.js?id=GTM-KVXHBMV, line 319: unreachable code after return statement
1635810196219	Marionette	WARN	Ignoring event 'DOMContentLoaded' because document has an invalid readyState of 'loading'.
JavaScript warning: https://www.googletagmanager.com/gtm.js?id=GTM-KVXHBMV, line 319: unreachable code after return statement
1635810198380	Marionette	WARN	Ignoring event 'DOMContentLoaded' because document has an invalid readyState of 'loading'.
1635810198442	Marionette	WARN	Ignoring event 'DOMContentLoaded' because document has an invalid readyState of 'loading'.
JavaScript warning: https://www.googletagmanager.com/gtm.js?id=GTM-KVXHBMV, line 319: unreachable code after return statement
1635810200447	Marionette	WARN	Ignoring event 'DOMContentLoaded' because document has an invalid readyState of 'loading'.
1635810200492	Marionette	WARN	Ignoring event 'DOMContentLoaded' because document has an invalid readyState of 'loading'.
JavaScript warning: https://www.googletagmanager.com/gtm.js?id=GTM-KVXHBMV, line 319: unreachable code after return statement
1635810203010	Marionette	WARN	Ignoring event 'DOMContentLoaded' because document has an invalid readyState of 'loading'.
JavaScript error: , line 0: NotFoundError: No such JSWindowActor 'MarionetteEvents'
JavaScript error: , line 0: NotFoundError: No such JSWindowActor 'MarionetteEvents'
JavaScript warning: https://www.googletagmanager.com/gtm.js?id=GTM-KVXHBMV, line 319: unreachable code after return statement
SourceActor threw an exception: [Exception... "Failed to open input source 'javascript:void(0)'"  nsresult: "0x80040111 (NS_ERROR_NOT_AVAILABLE)"  location: "JS frame :: resource://devtools/shared/DevToolsUtils.js :: mainThreadFetch/< :: line 670"  data: yes]
Stack: mainThreadFetch/<@resource://devtools/shared/DevToolsUtils.js:670:15
mainThreadFetch@resource://devtools/shared/DevToolsUtils.js:516:10
_fetchURLContents@resource://devtools/server/actors/utils/sources-manager.js:442:22
urlContents@resource://devtools/server/actors/utils/sources-manager.js:406:17
_resurrectSource@resource://devtools/server/actors/thread.js:2091:35
addAllSources@resource://devtools/server/actors/thread.js:1446:14
watch@resource://devtools/server/actors/resources/sources.js:52:17
watchResources@resource://devtools/server/actors/resources/index.js:242:19
_watchTargetResources@resource://devtools/server/actors/targets/target-actor-mixin.js:159:24
addWatcherDataEntry@resource://devtools/server/actors/targets/target-actor-mixin.js:50:20
_addWatcherDataEntry@resource://devtools/server/connectors/js-window-actor/DevToolsFrameChild.jsm:576:24
receiveMessage@resource://devtools/server/connectors/js-window-actor/DevToolsFrameChild.jsm:490:21
Line: 670, column: 0
console.error: ({})
JavaScript error: resource://devtools/shared/DevToolsUtils.js, line 670: NS_ERROR_NOT_AVAILABLE: Failed to open input source 'javascript:void(0)'
JavaScript error: resource://gre/actors/AutoCompleteChild.jsm, line 125: Error: Invalid autocomplete selectedIndex
JavaScript error: resource://gre/actors/AutoCompleteChild.jsm, line 125: Error: Invalid autocomplete selectedIndex
SourceActor threw an exception: [Exception... "Failed to open input source 'javascript:void(0)'"  nsresult: "0x80040111 (NS_ERROR_NOT_AVAILABLE)"  location: "JS frame :: resource://devtools/shared/DevToolsUtils.js :: mainThreadFetch/< :: line 670"  data: yes]
Stack: mainThreadFetch/<@resource://devtools/shared/DevToolsUtils.js:670:15
mainThreadFetch@resoconsole.log: WebExtensions: reset-default-search: starting.
console.log: WebExtensions: reset-default-search: No addons in our list are installed.
JavaScript error: , line 0: NS_ERROR_NOT_AVAILABLE
js:406:17
_resurrectSource@resource://devtools/server/actors/thread.js:2091:35
addAllSources@resource://devtools/server/actors/thread.js:1446:14
watch@resource://devtools/server/actors/resources/sources.js:52:17
watchResources@resource://devtools/server/actors/resources/index.js:242:19
_watchTargetResources@resource://devtools/server/actors/targets/target-actor-mixin.js:159:24
addWatcherDataEntry@resource://devtools/server/actors/targets/target-actor-mixin.js:50:20
_addWatcherDataEntry@resource://devtools/server/connectors/js-window-actor/DevToolsFrameChild.jsm:576:24
receiveMessage@resource://devtools/server/connectors/js-window-actor/DevToolsFrameChild.jsm:490:21
Line: 670, column: 0
console.error: ({})
JavaScript error: resource://devtools/shared/DevToolsUtils.js, line 670: NS_ERROR_NOT_AVAILABLE: Failed to open input source 'javascript:void(0)'
console.log: WebExtensions: reset-default-search: starting.
console.log: WebExtensions: reset-default-search: No addons in our list are installed.
JavaScript error: , line 0: NS_ERROR_NOT_AVAILABLE
JavaScript warning: https://www.googletagmanager.com/gtm.js?id=GTM-KVXHBMV, line 319: unreachable code after return statement
1635810414960	Marionette	WARN	Ignoring event 'DOMContentLoaded' because document has an invalid readyState of 'loading'.
1635810415140	Marionette	WARN	Ignoring event 'DOMContentLoaded' because document has an invalid readyState of 'loading'.
JavaScript warning: https://www.googletagmanager.com/gtm.js?id=GTM-KVXHBMV, line 319: unreachable code after return statement
1635810416926	Marionette	WARN	Ignoring event 'DOMContentLoaded' because document has an invalid readyState of 'loading'.
1635810417117	Marionette	WARN	Ignoring event 'DOMContentLoaded' because document has an invalid readyState of 'loading'.
JavaScript warning: https://www.googletagmanager.com/gtm.js?id=GTM-KVXHBMV, line 319: unreachable code after return statement
1635810419779	Marionette	WARN	Ignoring event 'DOMContentLoaded' because document has an invalid readyState of 'loading'.
1635810419902	Marionette	INFO	Stopped listening on port 60676
JavaScript error: chrome://global/content/elements/browser-custom-element.js, line 1666: NotFoundError: No such JSWindowActor 'MarionetteEvents'
JavaScript error: chrome://global/content/elements/browser-custom-element.js, line 1666: NotFoundError: No such JSWindowActor 'MarionetteEvents'
JavaScript error: resource:///modules/Interactions.jsm, line 201: NS_ERROR_FAILURE: Component returned failure code: 0x80004005 (NS_ERROR_FAILURE) [nsIUserIdleService.removeIdleObserver]

###!!! [Child][RunMessage] Error: Channel closing: too late to send/recv, messages will be lost


###!!! [Child][RunMessage] Error: Channel closing: too late to send/recv, messages will be lost


###!!! [Parent][MessageChannel] Error: (msgtype=0x39007A,name=PContent::Msg_DestroyBrowsingContextGroup) Closed channel: cannot send/recv


###!!! [Child][RunMessage] Error: Channel closing: too late to send/recv, messages will be lost


###!!! [Child][RunMessage] Error: Channel closing: too late to send/recv, messages will be lost


###!!! [Child][RunMessage] Error: Channel closing: too late to send/recv, messages will be lost


###!!! [Child][RunMessage] Error: Channel closing: too late to send/recv, messages will be lost


###!!! [Child][RunMessage] Error: Channel closing: too late to send/recv, messages will be lost


###!!! [Child][RunMessage] Error: Channel closing: too late to send/recv, messages will be lost

1635810425598	geckodriver	INFO	Listening on 127.0.0.1:60750
1635810428642	mozrunner::runner	INFO	Running command: "C:\\Program Files\\Mozilla Firefox\\firefox.exe" "--marionette" "--remote-debugging-port" "60751" "-no-remote" "-profile" "C:\\Users\\AWAPPI~1\\AppData\\Local\\Temp\\rust_mozprofilel5Qf77"
1635810429028	Marionette	INFO	Marionette enabled
console.warn: SearchSettings: "get: No settings file exists, new profile?" (new NotFoundError("Could not open the file at C:\\Users\\Awappi  Carine\\AppData\\Local\\Temp\\rust_mozprofilel5Qf77\\search.json.mozlz4", (void 0)))
DevTools listening on ws://localhost:60751/devtools/browser/6c8d8fbc-549a-4c89-b6d8-ccd25e859296
1635810431921	Marionette	INFO	Listening on port 60756
1635810432357	RemoteAgent	WARN	TLS certificate errors will be ignored for this session
JavaScript warning: https://www.googletagmanager.com/gtm.js?id=GTM-KVXHBMV, line 319: unreachable code after return statement
JavaScript error: resource://gre/modules/XULStore.jsm, line 66: Error: Can't find profile directory.
JavaScript error: resource://gre/modules/XULStore.jsm, line 66: Error: Can't find profile directory.
JavaScript warning: https://www.googletagmanager.com/gtm.js?id=GTM-KVXHBMV, line 319: unreachable code after return statement
1635810438306	Marionette	WARN	Ignoring event 'DOMContentLoaded' because document has an invalid readyState of 'loading'.
JavaScript warning: https://www.googletagmanager.com/gtm.js?id=GTM-KVXHBMV, line 319: unreachable code after return statement
1635810440357	Marionette	WARN	Ignoring event 'DOMContentLoaded' because document has an invalid readyState of 'loading'.
1635810440540	Marionette	WARN	Ignoring event 'DOMContentLoaded' because document has an invalid readyState of 'loading'.
JavaScript warning: https://www.googletagmanager.com/gtm.js?id=GTM-KVXHBMV, line 319: unreachable code after return statement
1635810443592	Marionette	WARN	Ignoring event 'DOMContentLoaded' because document has an invalid readyState of 'loading'.
1635810443679	Marionette	INFO	Stopped listening on port 60756
JavaScript error: resource:///modules/Interactions.jsm, line 201: NS_ERROR_FAILURE: Component returned failure code: 0x80004005 (NS_ERROR_FAILURE) [nsIUserIdleService.removeIdleObserver]

###!!! [Child][RunMessage] Error: Channel closing: too late to send/recv, messages will be lost


###!!! [Child][RunMessage] Error: Channel closing: too late to send/recv, messages will be lost


###!!! [Parent][MessageChannel] Error: (msgtype=0x39007A,name=PContent::Msg_DestroyBrowsingContextGroup) Closed channel: cannot send/recv


###!!! [Child][RunMessage] Error: Channel closing: too late to send/recv, messages will be lost


###!!! [Child][RunMessage] Error: Channel closing: too late to send/recv, messages will be lost


###!!! [Child][RunMessage] Error: Channel closing: too late to send/recv, messages will be lost


###!!! [Child][RunMessage] Error: Channel closing: too late to send/recv, messages will be lost


###!!! [Child][RunMessage] Error: Channel closing: too late to send/recv, messages will be lost


###!!! [Child][RunMessage] Error: Channel closing: too late to send/recv, messages will be lost


###!!! [Child][RunMessage] Error: Channel closing: too late to send/recv, messages will be lost


###!!! [Child][MessageChannel] Error: (msgtype=0x390145,name=PContent::Msg_ScriptError) Channel closing: too late to send/recv, messages will be lost


###!!! [Child][RunMessage] Error: Channel closing: too late to send/recv, messages will be lost

1635810765787	geckodriver	INFO	Listening on 127.0.0.1:60919
1635810768877	mozrunner::runner	INFO	Running command: "C:\\Program Files\\Mozilla Firefox\\firefox.exe" "--marionette" "--remote-debugging-port" "60920" "-no-remote" "-profile" "C:\\Users\\AWAPPI~1\\AppData\\Local\\Temp\\rust_mozprofileiQGVHL"
1635810769281	Marionette	INFO	Marionette enabled
console.warn: SearchSettings: "get: No settings file exists, new profile?" (new NotFoundError("Could not open the file at C:\\Users\\Awappi  Carine\\AppData\\Local\\Temp\\rust_mozprofileiQGVHL\\search.json.mozlz4", (void 0)))
DevTools listening on ws://localhost:60920/devtools/browser/302ae451-9daa-40d6-b3c7-1871c0bc1bfd
1635810772369	Marionette	INFO	Listening on port 60925
1635810772557	RemoteAgent	WARN	TLS certificate errors will be ignored for this session
JavaScript error: resource://gre/modules/XULStore.jsm, line 66: Error: Can't find profile directory.
JavaScript error: resource://gre/modules/XULStore.jsm, line 66: Error: Can't find profile directory.
JavaScript warning: https://www.googletagmanager.com/gtm.js?id=GTM-KVXHBMV, line 319: unreachable code after return statement
JavaScript warning: https://www.googletagmanager.com/gtm.js?id=GTM-KVXHBMV, line 319: unreachable code after return statement
JavaScript warning: https://www.googletagmanager.com/gtm.js?id=GTM-KVXHBMV, line 319: unreachable code after return statement
JavaScript warning: https://www.googletagmanager.com/gtm.js?id=GTM-KVXHBMV, line 319: unreachable code after return statement
console.log: WebExtensions: reset-default-search: starting.
console.log: WebExtensions: reset-default-search: No addons in our list are installed.
JavaScript error: , line 0: NS_ERROR_NOT_AVAILABLE
rt" "59486" "-no-remote" "-profile" "C:\\Users\\AWAPPI~1\\AppData\\Local\\Temp\\rust_mozprofile1Cc8qh"
1635810915979	Marionette	INFO	Marionette enabled
console.warn: SearchSettings: "get: No settings file exists, new profile?" (new NotFoundError("Could not open the file at C:\\Users\\Awappi  Carine\\AppData\\Local\\Temp\\rust_mozprofile1Cc8qh\\search.json.mozlz4", (void 0)))
DevTools listening on ws://localhost:59486/devtools/browser/aa0db50e-a058-4ad2-9ea9-d0036df8eff3
1635810918807	Marionette	INFO	Listening on port 59491
1635810919283	RemoteAgent	WARN	TLS certificate errors will be ignored for this session
JavaScript error: resource://gre/modules/XULStore.jsm, line 66: Error: Can't find profile directory.
JavaScript error: resource://gre/modules/XULStore.jsm, line 66: Error: Can't find profile directory.
JavaScript warning: https://www.googletagmanager.com/gtm.js?id=GTM-KVXHBMV, line 319: unreachable code after return statement
JavaScript warning: https://www.googletagmanager.com/gtm.js?id=GTM-KVXHBMV, line 319: unreachable code after return statement
console.log: WebExtensions: reset-default-search: starting.
console.log: WebExtensions: reset-default-search: No addons in our list are installed.
JavaScript error: , line 0: NS_ERROR_NOT_AVAILABLE
rt" "59587" "-no-remote" "-profile" "C:\\Users\\AWAPPI~1\\AppData\\Local\\Temp\\rust_mozprofileFRYv9R"
1635810951708	Marionette	INFO	Marionette enabled
console.warn: SearchSettings: "get: No settings file exists, new profile?" (new NotFoundError("Could not open the file at C:\\Users\\Awappi  Carine\\AppData\\Local\\Temp\\rust_mozprofileFRYv9R\\search.json.mozlz4", (void 0)))
DevTools listening on ws://localhost:59587/devtools/browser/80f812c4-e6f4-4bbb-ae34-58e72021f62a
1635810954470	Marionette	INFO	Listening on port 59592
1635810954952	RemoteAgent	WARN	TLS certificate errors will be ignored for this session
JavaScript warning: https://www.googletagmanager.com/gtm.js?id=GTM-KVXHBMV, line 319: unreachable code after return statement
JavaScript error: resource://gre/modules/XULStore.jsm, line 66: Error: Can't find profile directory.
JavaScript error: resource://gre/modules/XULStore.jsm, line 66: Error: Can't find profile directory.
console.log: WebExtensions: reset-default-search: starting.
console.log: WebExtensions: reset-default-search: No addons in our list are installed.
JavaScript error: , line 0: NS_ERROR_NOT_AVAILABLE
rt" "59668" "-no-remote" "-profile" "C:\\Users\\AWAPPI~1\\AppData\\Local\\Temp\\rust_mozprofileMdoxRO"
1635811018014	Marionette	INFO	Marionette enabled
console.warn: SearchSettings: "get: No settings file exists, new profile?" (new NotFoundError("Could not open the file at C:\\Users\\Awappi  Carine\\AppData\\Local\\Temp\\rust_mozprofileMdoxRO\\search.json.mozlz4", (void 0)))
DevTools listening on ws://localhost:59668/devtools/browser/97b2e5e3-abef-473b-a0cb-598ab7ed3e4d
1635811020984	Marionette	INFO	Listening on port 59673
1635811021255	RemoteAgent	WARN	TLS certificate errors will be ignored for this session
JavaScript warning: https://www.googletagmanager.com/gtm.js?id=GTM-KVXHBMV, line 319: unreachable code after return statement
JavaScript error: resource://gre/modules/XULStore.jsm, line 66: Error: Can't find profile directory.
JavaScript error: resource://gre/modules/XULStore.jsm, line 66: Error: Can't find profile directory.
1635811024302	Marionette	WARN	Ignoring event 'DOMContentLoaded' because document has an invalid readyState of 'loading'.
JavaScript warning: https://www.googletagmanager.com/gtm.js?id=GTM-KVXHBMV, line 319: unreachable code after return statement
console.log: WebExtensions: reset-default-search: starting.
console.log: WebExtensions: reset-default-search: No addons in our list are installed.
JavaScript error: , line 0: NS_ERROR_NOT_AVAILABLE
rt" "59758" "-no-remote" "-profile" "C:\\Users\\AWAPPI~1\\AppData\\Local\\Temp\\rust_mozprofilemnggE6"
1635811074159	Marionette	INFO	Marionette enabled
console.warn: SearchSettings: "get: No settings file exists, new profile?" (new NotFoundError("Could not open the file at C:\\Users\\Awappi  Carine\\AppData\\Local\\Temp\\rust_mozprofilemnggE6\\search.json.mozlz4", (void 0)))
DevTools listening on ws://localhost:59758/devtools/browser/aabb77e5-6faa-4e18-bec6-ed475cf79c60
1635811077269	Marionette	INFO	Listening on port 59763
1635811077779	RemoteAgent	WARN	TLS certificate errors will be ignored for this session
JavaScript error: resource://gre/modules/XULStore.jsm, line 66: Error: Can't find profile directory.
JavaScript error: resource://gre/modules/XULStore.jsm, line 66: Error: Can't find profile directory.
JavaScript warning: https://www.googletagmanager.com/gtm.js?id=GTM-KVXHBMV, line 319: unreachable code after return statement
1635811080589	Marionette	WARN	Ignoring event 'DOMContentLoaded' because document has an invalid readyState of 'loading'.
JavaScript warning: https://www.googletagmanager.com/gtm.js?id=GTM-KVXHBMV, line 319: unreachable code after return statement
1635811082792	Marionette	WARN	Ignoring event 'DOMContentLoaded' because document has an invalid readyState of 'loading'.
1635811082995	Marionette	WARN	Ignoring event 'DOMContentLoaded' because document has an invalid readyState of 'loading'.
JavaScript warning: https://www.googletagmanager.com/gtm.js?id=GTM-KVXHBMV, line 319: unreachable code after return statement
1635811084859	Marionette	WARN	Ignoring event 'DOMContentLoaded' because document has an invalid readyState of 'loading'.
1635811084912	Marionette	WARN	Ignoring event 'DOMContentLoaded' because document has an invalid readyState of 'loading'.
JavaScript warning: https://www.googletagmanager.com/gtm.js?id=GTM-KVXHBMV, line 319: unreachable code after return statement
1635811087536	Marionette	WARN	Ignoring event 'DOMContentLoaded' because document has an invalid readyState of 'loading'.
JavaScript warning: https://www.googletagmanager.com/gtm.js?id=GTM-KVXHBMV, line 319: unreachable code after return statement
console.log: WebExtensions: reset-default-search: starting.
console.log: WebExtensions: reset-default-search: No addons in our list are installed.
JavaScript error: , line 0: NS_ERROR_NOT_AVAILABLE
1635972364866	geckodriver	INFO	Listening on 127.0.0.1:55503
1635972367947	mozrunner::runner	INFO	Running command: "C:\\Program Files\\Mozilla Firefox\\firefox.exe" "--marionette" "--remote-debugging-port" "55504" "-no-remote" "-profile" "C:\\Users\\AWAPPI~1\\AppData\\Local\\Temp\\rust_mozprofileOB5p4S"
1635972368394	Marionette	INFO	Marionette enabled
console.warn: SearchSettings: "get: No settings file exists, new profile?" (new NotFoundError("Could not open the file at C:\\Users\\Awappi  Carine\\AppData\\Local\\Temp\\rust_mozprofileOB5p4S\\search.json.mozlz4", (void 0)))
DevTools listening on ws://localhost:55504/devtools/browser/d3c9d552-a4dd-423c-80a4-84139276dbdd
1635972371242	Marionette	INFO	Listening on port 55509
1635972371647	RemoteAgent	WARN	TLS certificate errors will be ignored for this session
JavaScript error: resource://gre/modules/XULStore.jsm, line 66: Error: Can't find profile directory.
JavaScript error: resource://gre/modules/XULStore.jsm, line 66: Error: Can't find profile directory.
JavaScript warning: https://www.googletagmanager.com/gtm.js?id=GTM-KVXHBMV, line 319: unreachable code after return statement
1635972377165	Marionette	WARN	Ignoring event 'DOMContentLoaded' because document has an invalid readyState of 'loading'.
JavaScript warning: https://www.googletagmanager.com/gtm.js?id=GTM-KVXHBMV, line 319: unreachable code after return statement
1635972380046	Marionette	WARN	Ignoring event 'DOMContentLoaded' because document has an invalid readyState of 'loading'.
1635972380083	Marionette	WARN	Ignoring event 'DOMContentLoaded' because document has an invalid readyState of 'loading'.
JavaScript warning: https://www.googletagmanager.com/gtm.js?id=GTM-KVXHBMV, line 319: unreachable code after return statement
1635972382342	Marionette	WARN	Ignoring event 'DOMContentLoaded' because document has an invalid readyState of 'loading'.
1635972382379	Marionette	WARN	Ignoring event 'DOMContentLoaded' because document has an invalid readyState of 'loading'.
JavaScript warning: https://www.googletagmanager.com/gtm.js?id=GTM-KVXHBMV, line 319: unreachable code after return statement
1635972387657	Marionette	WARN	Ignoring event 'DOMContentLoaded' because document has an invalid readyState of 'loading'.
1635972387658	Marionette	INFO	Stopped listening on port 55509
JavaScript error: chrome://global/content/elements/browser-custom-element.js, line 1666: NotFoundError: No such JSWindowActor 'MarionetteEvents'
JavaScript error: chrome://global/content/elements/browser-custom-element.js, line 1666: NotFoundError: No such JSWindowActor 'MarionetteEvents'
JavaScript error: resource:///modules/Interactions.jsm, line 201: NS_ERROR_FAILURE: Component returned failure code: 0x80004005 (NS_ERROR_FAILURE) [nsIUserIdleService.removeIdleObserver]

###!!! [Child][MessageChannel] Error: (msgtype=0x590008,name=PHttpChannel::Msg_DeletingChannel) Channel closing: too late to send/recv, messages will be lost


###!!! [Child][MessageChannel] Error: (msgtype=0x590008,name=PHttpChannel::Msg_DeletingChannel) Channel closing: too late to send/recv, messages will be lost


###!!! [Parent][MessageChannel] Error: (msgtype=0x39007A,name=PContent::Msg_DestroyBrowsingContextGroup) Closed channel: cannot send/recv


###!!! [Child][MessageChannel] Error: (msgtype=0x590007,name=PHttpChannel::Msg_RemoveCorsPreflightCacheEntry) Channel closing: too late to send/recv, messages will be lost


###!!! [Child][MessageChannel] Error: (msgtype=0x590008,name=PHttpChannel::Msg_DeletingChannel) Channel closing: too late to send/recv, messages will be lost


###!!! [Child][MessageChannel] Error: (msgtype=0x590008,name=PHttpChannel::Msg_DeletingChannel) Channel closing: too late to send/recv, messages will be lost


###!!! [Child][RunMessage] Error: Channel closing: too late to send/recv, messages will be lost


###!!! [Child][RunMessage] Error: Channel closing: too late to send/recv, messages will be lost


###!!! [Child][RunMessage] Error: Channel closing: too late to send/recv, messages will be lost


###!!! [Child][RunMessage] Error: Channel closing: too late to send/recv, messages will be lost


###!!! [Child][RunMessage] Error: Channel closing: too late to send/recv, messages will be lost


###!!! [Child][RunMessage] Error: Channel closing: too late to send/recv, messages will be lost


###!!! [Child][RunMessage] Error: Channel closing: too late to send/recv, messages will be lost


###!!! [Child][RunMessage] Error: Channel closing: too late to send/recv, messages will be lost


###!!! [Child][MessageChannel] Error: (msgtype=0x390145,name=PContent::Msg_ScriptError) Channel closing: too late to send/recv, messages will be lost

